Using pre-set license
Built from '2021.3/staging' branch; Version is '2021.3.9f1 (ad3870b89536) revision 11352176'; Using compiler version '192829333'; Build Type 'Release'
OS: 'Windows 10  (10.0.19044) 64bit Professional' Language: 'ko' Physical Memory: 23983 MB
BatchMode: 1, IsHumanControllingUs: 0, StartBugReporterOnCrash: 0, Is64bit: 1, IsPro: 1

COMMAND LINE ARGUMENTS:
C:\Program Files\Unity\Hub\Editor\2021.3.9f1\Editor\Unity.exe
-adb2
-batchMode
-noUpm
-name
AssetImportWorker4
-projectPath
C:/myProject/projectShooting/ShootingGame
-logFile
Logs/AssetImportWorker4.log
-srvPort
55050
Successfully changed project path to: C:/myProject/projectShooting/ShootingGame
C:/myProject/projectShooting/ShootingGame
[UnityMemory] Configuration Parameters - Can be set up in boot.config
    "memorysetup-bucket-allocator-granularity=16"
    "memorysetup-bucket-allocator-bucket-count=8"
    "memorysetup-bucket-allocator-block-size=33554432"
    "memorysetup-bucket-allocator-block-count=8"
    "memorysetup-main-allocator-block-size=16777216"
    "memorysetup-thread-allocator-block-size=16777216"
    "memorysetup-gfx-main-allocator-block-size=16777216"
    "memorysetup-gfx-thread-allocator-block-size=16777216"
    "memorysetup-cache-allocator-block-size=4194304"
    "memorysetup-typetree-allocator-block-size=2097152"
    "memorysetup-profiler-bucket-allocator-granularity=16"
    "memorysetup-profiler-bucket-allocator-bucket-count=8"
    "memorysetup-profiler-bucket-allocator-block-size=33554432"
    "memorysetup-profiler-bucket-allocator-block-count=8"
    "memorysetup-profiler-allocator-block-size=16777216"
    "memorysetup-profiler-editor-allocator-block-size=1048576"
    "memorysetup-temp-allocator-size-main=16777216"
    "memorysetup-job-temp-allocator-block-size=2097152"
    "memorysetup-job-temp-allocator-block-size-background=1048576"
    "memorysetup-job-temp-allocator-reduction-small-platforms=262144"
    "memorysetup-temp-allocator-size-background-worker=32768"
    "memorysetup-temp-allocator-size-job-worker=262144"
    "memorysetup-temp-allocator-size-preload-manager=33554432"
    "memorysetup-temp-allocator-size-nav-mesh-worker=65536"
    "memorysetup-temp-allocator-size-audio-worker=65536"
    "memorysetup-temp-allocator-size-cloud-worker=32768"
    "memorysetup-temp-allocator-size-gi-baking-worker=262144"
    "memorysetup-temp-allocator-size-gfx=262144"
Refreshing native plugins compatible for Editor in 109.96 ms, found 4 plugins.
Preloading 0 native plugins for Editor in 0.00 ms.
Initialize engine version: 2021.3.9f1 (ad3870b89536)
[Subsystems] Discovering subsystems at path C:/Program Files/Unity/Hub/Editor/2021.3.9f1/Editor/Data/Resources/UnitySubsystems
[Subsystems] Discovering subsystems at path C:/myProject/projectShooting/ShootingGame/Assets
GfxDevice: creating device client; threaded=0; jobified=0
Direct3D:
    Version:  Direct3D 11.0 [level 11.1]
    Renderer: NVIDIA GeForce GTX 1650 (ID=0x1f99)
    Vendor:   NVIDIA
    VRAM:     3962 MB
    Driver:   30.0.15.1278
Initialize mono
Mono path[0] = 'C:/Program Files/Unity/Hub/Editor/2021.3.9f1/Editor/Data/Managed'
Mono path[1] = 'C:/Program Files/Unity/Hub/Editor/2021.3.9f1/Editor/Data/MonoBleedingEdge/lib/mono/unityjit-win32'
Mono config path = 'C:/Program Files/Unity/Hub/Editor/2021.3.9f1/Editor/Data/MonoBleedingEdge/etc'
Using monoOptions --debugger-agent=transport=dt_socket,embedding=1,server=y,suspend=n,address=127.0.0.1:56272
Begin MonoManager ReloadAssembly
Registering precompiled unity dll's ...
Register platform support module: C:/Program Files/Unity/Hub/Editor/2021.3.9f1/Editor/Data/PlaybackEngines/AndroidPlayer/UnityEditor.Android.Extensions.dll
Register platform support module: C:/Program Files/Unity/Hub/Editor/2021.3.9f1/Editor/Data/PlaybackEngines/WindowsStandaloneSupport/UnityEditor.WindowsStandalone.Extensions.dll
Registered in 0.010707 seconds.
Native extension for WindowsStandalone target not found
Native extension for Android target not found
Refreshing native plugins compatible for Editor in 103.82 ms, found 4 plugins.
Preloading 0 native plugins for Editor in 0.00 ms.
Mono: successfully reloaded assembly
- Completed reload, in  0.722 seconds
Domain Reload Profiling:
	ReloadAssembly (722ms)
		BeginReloadAssembly (77ms)
			ExecutionOrderSort (0ms)
			DisableScriptedObjects (0ms)
			BackupInstance (0ms)
			ReleaseScriptingObjects (0ms)
			CreateAndSetChildDomain (1ms)
		EndReloadAssembly (526ms)
			LoadAssemblies (75ms)
			RebuildTransferFunctionScriptingTraits (0ms)
			SetupTypeCache (112ms)
			ReleaseScriptCaches (0ms)
			RebuildScriptCaches (35ms)
			SetupLoadedEditorAssemblies (320ms)
				LogAssemblyErrors (0ms)
				InitializePlatformSupportModulesInManaged (52ms)
				SetLoadedEditorAssemblies (0ms)
				RefreshPlugins (104ms)
				BeforeProcessingInitializeOnLoad (1ms)
				ProcessInitializeOnLoadAttributes (110ms)
				ProcessInitializeOnLoadMethodAttributes (52ms)
				AfterProcessingInitializeOnLoad (0ms)
				EditorAssembliesLoaded (0ms)
			ExecutionOrderSort2 (0ms)
			AwakeInstancesAfterBackupRestoration (0ms)
Platform modules already initialized, skipping
Registering precompiled user dll's ...
Registered in 0.009156 seconds.
Begin MonoManager ReloadAssembly
Symbol file LoadedFromMemory doesn't match image C:\myProject\projectShooting\ShootingGame\Library\PackageCache\com.unity.visualscripting@1.7.8\Editor\VisualScripting.Core\Dependencies\YamlDotNet\Unity.VisualScripting.YamlDotNet.dll
Symbol file LoadedFromMemory doesn't match image C:\myProject\projectShooting\ShootingGame\Library\PackageCache\com.unity.visualscripting@1.7.8\Editor\VisualScripting.Core\Dependencies\DotNetZip\Unity.VisualScripting.IonicZip.dll
Native extension for WindowsStandalone target not found
Native extension for Android target not found
Refreshing native plugins compatible for Editor in 103.47 ms, found 4 plugins.
Preloading 0 native plugins for Editor in 0.00 ms.
Mono: successfully reloaded assembly
Package Manager log level set to [2]
- Completed reload, in  1.390 seconds
Domain Reload Profiling:
	ReloadAssembly (1391ms)
		BeginReloadAssembly (118ms)
			ExecutionOrderSort (0ms)
			DisableScriptedObjects (6ms)
			BackupInstance (0ms)
			ReleaseScriptingObjects (0ms)
			CreateAndSetChildDomain (22ms)
		EndReloadAssembly (1146ms)
			LoadAssemblies (97ms)
			RebuildTransferFunctionScriptingTraits (0ms)
			SetupTypeCache (271ms)
			ReleaseScriptCaches (1ms)
			RebuildScriptCaches (100ms)
			SetupLoadedEditorAssemblies (593ms)
				LogAssemblyErrors (0ms)
				InitializePlatformSupportModulesInManaged (19ms)
				SetLoadedEditorAssemblies (0ms)
				RefreshPlugins (104ms)
				BeforeProcessingInitializeOnLoad (137ms)
				ProcessInitializeOnLoadAttributes (273ms)
				ProcessInitializeOnLoadMethodAttributes (50ms)
				AfterProcessingInitializeOnLoad (10ms)
				EditorAssembliesLoaded (0ms)
			ExecutionOrderSort2 (0ms)
			AwakeInstancesAfterBackupRestoration (7ms)
Platform modules already initialized, skipping
========================================================================
Worker process is ready to serve import requests
Launched and connected shader compiler UnityShaderCompiler.exe after 0.04 seconds
Refreshing native plugins compatible for Editor in 0.87 ms, found 4 plugins.
Preloading 0 native plugins for Editor in 0.00 ms.
Unloading 4383 Unused Serialized files (Serialized files now loaded: 0)
Unloading 54 unused Assets / (55.5 KB). Loaded Objects now: 4827.
Memory consumption went from 167.1 MB to 167.0 MB.
Total: 4.081800 ms (FindLiveObjects: 0.480700 ms CreateObjectMapping: 0.258600 ms MarkObjects: 3.223000 ms  DeleteObjects: 0.117700 ms)

AssetImportParameters requested are different than current active one (requested -> active):
  custom:video-decoder-ogg-theora: a1e56fd34408186e4bbccfd4996cb3dc -> 
  custom:container-muxer-webm: aa71ff27fc2769a1b78a27578f13a17b -> 
  custom:container-demuxer-webm: 4f35f7cbe854078d1ac9338744f61a02 -> 
  custom:video-encoder-webm-vp8: eb34c28f22e8b96e1ab97ce403110664 -> 
  custom:audio-encoder-webm-vorbis: bf7c407c2cedff20999df2af8eb42d56 -> 
  custom:framework-win-MediaFoundation: 216162199b28c13a410421893ffa2e32 -> 
  custom:container-demuxer-ogg: 62fdf1f143b41e24485cea50d1cbac27 -> 
  custom:video-decoder-webm-vp8: 9c59270c3fd7afecdb556c50c9e8de78 -> 
  custom:audio-decoder-ogg-vorbis: bf7c407c2cedff20999df2af8eb42d56 -> 
========================================================================
Received Import Request.
  Time since last request: 12185.694294 seconds.
  path: Assets/Prefab/Stage01Boss_0.prefab
  artifactKey: Guid(b0815129b441bea4ea1485d84e343821) Importer(815301076,1909f56bfc062723c751e8b465ee728b)
Start importing Assets/Prefab/Stage01Boss_0.prefab using Guid(b0815129b441bea4ea1485d84e343821) Importer(815301076,1909f56bfc062723c751e8b465ee728b) The Animator Controller (Stage01Boss_0) you have used is not valid. Animations will not play
0x00007ff71cfaffed (Unity) StackWalker::GetCurrentCallstack
0x00007ff71cfb6cc9 (Unity) StackWalker::ShowCallstack
0x00007ff71df250e3 (Unity) GetStacktrace
0x00007ff71e5bbbcd (Unity) DebugStringToFile
0x00007ff71d2e3d6e (Unity) AnimatorControllerPlayable::GenerateGraph
0x00007ff71d2e9cf5 (Unity) AnimatorControllerPlayable::SetAnimatorController
0x00007ff71d2873ce (Unity) Animator::CreateInternalControllerPlayable
0x00007ff71d283fb8 (Unity) Animator::AddToManager
0x00007ff71d2845c4 (Unity) Animator::AwakeFromLoad
0x00007ff71cf89de7 (Unity) AwakeFromLoadQueue::InvokeAwakeFromLoad
0x00007ff71cf84de3 (Unity) AwakeFromLoadQueue::AwakeFromLoadAllQueues
0x00007ff71c993d62 (Unity) AwakeAndActivateClonedObjects
0x00007ff71daa813d (Unity) InstantiateObjectRemoveAllNonAnimationComponents
0x00007ff71c6e18db (Unity) EditorUtility_CUSTOM_Internal_InstantiateRemoveAllNonAnimationComponentsSingle_Injected
0x00000277fcf31167 (Mono JIT Code) (wrapper managed-to-native) UnityEditor.EditorUtility:Internal_InstantiateRemoveAllNonAnimationComponentsSingle_Injected (UnityEngine.Object,UnityEngine.Vector3&,UnityEngine.Quaternion&)
0x00000277fcf30ff3 (Mono JIT Code) UnityEditor.EditorUtility:Internal_InstantiateRemoveAllNonAnimationComponentsSingle (UnityEngine.Object,UnityEngine.Vector3,UnityEngine.Quaternion)
0x00000277fcf30ea3 (Mono JIT Code) UnityEditor.EditorUtility:InstantiateRemoveAllNonAnimationComponents (UnityEngine.Object,UnityEngine.Vector3,UnityEngine.Quaternion)
0x00000277fcf3024b (Mono JIT Code) UnityEditor.EditorUtility:InstantiateForAnimatorPreview (UnityEngine.Object)
0x00000277fcf2f1ab (Mono JIT Code) UnityEditor.GameObjectInspector/PreviewData:UpdateGameObject (UnityEngine.Object)
0x00000277fcf26163 (Mono JIT Code) UnityEditor.GameObjectInspector/PreviewData:.ctor (UnityEngine.Object)
0x00000277fcf25083 (Mono JIT Code) UnityEditor.GameObjectInspector:GetPreviewData ()
0x00000277fcf246fb (Mono JIT Code) UnityEditor.GameObjectInspector:RenderStaticPreview (string,UnityEngine.Object[],int,int)
0x00000277ba66c8b8 (Mono JIT Code) UnityEditor.AssetPreviewUpdater:CreatePreview (UnityEngine.Object,UnityEngine.Object[],string,int,int)
0x00000277ba66be6b (Mono JIT Code) UnityEditor.AssetPreviewUpdater:CreatePreviewForAsset (UnityEngine.Object,UnityEngine.Object[],string)
0x00000277ba66c0d0 (Mono JIT Code) (wrapper runtime-invoke) <Module>:runtime_invoke_object_object_object_object (object,intptr,intptr,intptr)
0x00007ff98d0efe24 (mono-2.0-bdwgc) [mini-runtime.c:3445] mono_jit_runtime_invoke 
0x00007ff98d02e764 (mono-2.0-bdwgc) [object.c:3066] do_runtime_invoke 
0x00007ff98d02e8fc (mono-2.0-bdwgc) [object.c:3113] mono_runtime_invoke 
0x00007ff71ced4db4 (Unity) scripting_method_invoke
0x00007ff71ceb4654 (Unity) ScriptingInvocation::Invoke
0x00007ff71e20a58c (Unity) MonoCreateAssetPreview
0x00007ff71e208fb1 (Unity) WriteAssetPreviewToFile
0x00007ff71e209756 (Unity) WritePreviews
0x00007ff71e2019b5 (Unity) PreviewImporter::GenerateAssetData
0x00007ff71e24792e (Unity) ImportToObjects
0x00007ff71e246893 (Unity) ImportAsset
0x00007ff71e2692b2 (Unity) AssetImportWorker::Import
0x00007ff71e2cef34 (Unity) <lambda_9d91f4223b4733a7f58dbd02f611399e>::operator()
0x00007ff71e310162 (Unity) asio::detail::completion_handler<core::mutable_function<void __cdecl(void)>,asio::io_context::basic_executor_type<std::allocator<void>,0> >::do_complete
0x00007ff71e2fc04e (Unity) asio::detail::win_iocp_io_context::do_one
0x00007ff71e2fdcb4 (Unity) asio::detail::win_iocp_io_context::run
0x00007ff71e30e54e (Unity) IOService::Run
0x00007ff71e2e113f (Unity) AssetImportWorkerClient::Run
0x00007ff71e2ab593 (Unity) RunAssetImportWorkerClientV2
0x00007ff71e2ab61b (Unity) RunAssetImporterV2
0x00007ff71dad10d8 (Unity) Application::InitializeProject
0x00007ff71df2f828 (Unity) WinMain
0x00007ff71f2b421e (Unity) __scrt_common_main_seh
0x00007ffa21ba7034 (KERNEL32) BaseThreadInitThunk
0x00007ffa22ec26a1 (ntdll) RtlUserThreadStart

The Animator Controller (Stage01Boss_0) you have used is not valid. Animations will not play
0x00007ff71cfaffed (Unity) StackWalker::GetCurrentCallstack
0x00007ff71cfb6cc9 (Unity) StackWalker::ShowCallstack
0x00007ff71df250e3 (Unity) GetStacktrace
0x00007ff71e5bbbcd (Unity) DebugStringToFile
0x00007ff71d2e3d6e (Unity) AnimatorControllerPlayable::GenerateGraph
0x00007ff71d2e9cf5 (Unity) AnimatorControllerPlayable::SetAnimatorController
0x00007ff71d2873ce (Unity) Animator::CreateInternalControllerPlayable
0x00007ff71d283fb8 (Unity) Animator::AddToManager
0x00007ff71d2845c4 (Unity) Animator::AwakeFromLoad
0x00007ff71cf89de7 (Unity) AwakeFromLoadQueue::InvokeAwakeFromLoad
0x00007ff71cf84de3 (Unity) AwakeFromLoadQueue::AwakeFromLoadAllQueues
0x00007ff71c86744a (Unity) GameObject::ActivateAwakeRecursively
0x00007ff71c8673b6 (Unity) GameObject::Activate
0x00007ff71cbfa6d8 (Unity) UnityScene::OnGameObjectChangedScene
0x00007ff71ccedb5a (Unity) Transform::SetHideFlags
0x00007ff71c86e638 (Unity) GameObject::SetHideFlags
0x00007ff71c181ab3 (Unity) Object_Set_Custom_PropHideFlags
0x00000277b9570404 (Mono JIT Code) (wrapper managed-to-native) UnityEngine.Object:set_hideFlags (UnityEngine.Object,UnityEngine.HideFlags)
0x00000277fcf32f6b (Mono JIT Code) UnityEditor.EditorUtility:InitInstantiatedPreviewRecursive (UnityEngine.GameObject)
0x00000277fcf3042b (Mono JIT Code) UnityEditor.EditorUtility:InstantiateForAnimatorPreview (UnityEngine.Object)
0x00000277fcf2f1ab (Mono JIT Code) UnityEditor.GameObjectInspector/PreviewData:UpdateGameObject (UnityEngine.Object)
0x00000277fcf26163 (Mono JIT Code) UnityEditor.GameObjectInspector/PreviewData:.ctor (UnityEngine.Object)
0x00000277fcf25083 (Mono JIT Code) UnityEditor.GameObjectInspector:GetPreviewData ()
0x00000277fcf246fb (Mono JIT Code) UnityEditor.GameObjectInspector:RenderStaticPreview (string,UnityEngine.Object[],int,int)
0x00000277ba66c8b8 (Mono JIT Code) UnityEditor.AssetPreviewUpdater:CreatePreview (UnityEngine.Object,UnityEngine.Object[],string,int,int)
0x00000277ba66be6b (Mono JIT Code) UnityEditor.AssetPreviewUpdater:CreatePreviewForAsset (UnityEngine.Object,UnityEngine.Object[],string)
0x00000277ba66c0d0 (Mono JIT Code) (wrapper runtime-invoke) <Module>:runtime_invoke_object_object_object_object (object,intptr,intptr,intptr)
0x00007ff98d0efe24 (mono-2.0-bdwgc) [mini-runtime.c:3445] mono_jit_runtime_invoke 
0x00007ff98d02e764 (mono-2.0-bdwgc) [object.c:3066] do_runtime_invoke 
0x00007ff98d02e8fc (mono-2.0-bdwgc) [object.c:3113] mono_runtime_invoke 
0x00007ff71ced4db4 (Unity) scripting_method_invoke
0x00007ff71ceb4654 (Unity) ScriptingInvocation::Invoke
0x00007ff71e20a58c (Unity) MonoCreateAssetPreview
0x00007ff71e208fb1 (Unity) WriteAssetPreviewToFile
0x00007ff71e209756 (Unity) WritePreviews
0x00007ff71e2019b5 (Unity) PreviewImporter::GenerateAssetData
0x00007ff71e24792e (Unity) ImportToObjects
0x00007ff71e246893 (Unity) ImportAsset
0x00007ff71e2692b2 (Unity) AssetImportWorker::Import
0x00007ff71e2cef34 (Unity) <lambda_9d91f4223b4733a7f58dbd02f611399e>::operator()
0x00007ff71e310162 (Unity) asio::detail::completion_handler<core::mutable_function<void __cdecl(void)>,asio::io_context::basic_executor_type<std::allocator<void>,0> >::do_complete
0x00007ff71e2fc04e (Unity) asio::detail::win_iocp_io_context::do_one
0x00007ff71e2fdcb4 (Unity) asio::detail::win_iocp_io_context::run
0x00007ff71e30e54e (Unity) IOService::Run
0x00007ff71e2e113f (Unity) AssetImportWorkerClient::Run
0x00007ff71e2ab593 (Unity) RunAssetImportWorkerClientV2
0x00007ff71e2ab61b (Unity) RunAssetImporterV2
0x00007ff71dad10d8 (Unity) Application::InitializeProject
0x00007ff71df2f828 (Unity) WinMain
0x00007ff71f2b421e (Unity) __scrt_common_main_seh
0x00007ffa21ba7034 (KERNEL32) BaseThreadInitThunk
0x00007ffa22ec26a1 (ntdll) RtlUserThreadStart

 -> (artifact id: '768ef772e37319ae200e33dce1247388') in 0.291810 seconds 
========================================================================
Received Import Request.
  Time since last request: 77.660222 seconds.
  path: Assets/Prefab/Stage01Boss_0.prefab
  artifactKey: Guid(b0815129b441bea4ea1485d84e343821) Importer(815301076,1909f56bfc062723c751e8b465ee728b)
Start importing Assets/Prefab/Stage01Boss_0.prefab using Guid(b0815129b441bea4ea1485d84e343821) Importer(815301076,1909f56bfc062723c751e8b465ee728b) The Animator Controller (Stage01Boss_0) you have used is not valid. Animations will not play
0x00007ff71cfaffed (Unity) StackWalker::GetCurrentCallstack
0x00007ff71cfb6cc9 (Unity) StackWalker::ShowCallstack
0x00007ff71df250e3 (Unity) GetStacktrace
0x00007ff71e5bbbcd (Unity) DebugStringToFile
0x00007ff71d2e3d6e (Unity) AnimatorControllerPlayable::GenerateGraph
0x00007ff71d2e9cf5 (Unity) AnimatorControllerPlayable::SetAnimatorController
0x00007ff71d2873ce (Unity) Animator::CreateInternalControllerPlayable
0x00007ff71d283fb8 (Unity) Animator::AddToManager
0x00007ff71d2845c4 (Unity) Animator::AwakeFromLoad
0x00007ff71cf89de7 (Unity) AwakeFromLoadQueue::InvokeAwakeFromLoad
0x00007ff71cf84de3 (Unity) AwakeFromLoadQueue::AwakeFromLoadAllQueues
0x00007ff71c993d62 (Unity) AwakeAndActivateClonedObjects
0x00007ff71daa813d (Unity) InstantiateObjectRemoveAllNonAnimationComponents
0x00007ff71c6e18db (Unity) EditorUtility_CUSTOM_Internal_InstantiateRemoveAllNonAnimationComponentsSingle_Injected
0x00000277fcf31167 (Mono JIT Code) (wrapper managed-to-native) UnityEditor.EditorUtility:Internal_InstantiateRemoveAllNonAnimationComponentsSingle_Injected (UnityEngine.Object,UnityEngine.Vector3&,UnityEngine.Quaternion&)
0x00000277fcf30ff3 (Mono JIT Code) UnityEditor.EditorUtility:Internal_InstantiateRemoveAllNonAnimationComponentsSingle (UnityEngine.Object,UnityEngine.Vector3,UnityEngine.Quaternion)
0x00000277fcf30ea3 (Mono JIT Code) UnityEditor.EditorUtility:InstantiateRemoveAllNonAnimationComponents (UnityEngine.Object,UnityEngine.Vector3,UnityEngine.Quaternion)
0x00000277fcf3024b (Mono JIT Code) UnityEditor.EditorUtility:InstantiateForAnimatorPreview (UnityEngine.Object)
0x00000277fcf2f1ab (Mono JIT Code) UnityEditor.GameObjectInspector/PreviewData:UpdateGameObject (UnityEngine.Object)
0x00000277fcf26163 (Mono JIT Code) UnityEditor.GameObjectInspector/PreviewData:.ctor (UnityEngine.Object)
0x00000277fcf25083 (Mono JIT Code) UnityEditor.GameObjectInspector:GetPreviewData ()
0x00000277fcf246fb (Mono JIT Code) UnityEditor.GameObjectInspector:RenderStaticPreview (string,UnityEngine.Object[],int,int)
0x00000277ba66c8b8 (Mono JIT Code) UnityEditor.AssetPreviewUpdater:CreatePreview (UnityEngine.Object,UnityEngine.Object[],string,int,int)
0x00000277ba66be6b (Mono JIT Code) UnityEditor.AssetPreviewUpdater:CreatePreviewForAsset (UnityEngine.Object,UnityEngine.Object[],string)
0x00000277ba66c0d0 (Mono JIT Code) (wrapper runtime-invoke) <Module>:runtime_invoke_object_object_object_object (object,intptr,intptr,intptr)
0x00007ff98d0efe24 (mono-2.0-bdwgc) [mini-runtime.c:3445] mono_jit_runtime_invoke 
0x00007ff98d02e764 (mono-2.0-bdwgc) [object.c:3066] do_runtime_invoke 
0x00007ff98d02e8fc (mono-2.0-bdwgc) [object.c:3113] mono_runtime_invoke 
0x00007ff71ced4db4 (Unity) scripting_method_invoke
0x00007ff71ceb4654 (Unity) ScriptingInvocation::Invoke
0x00007ff71e20a58c (Unity) MonoCreateAssetPreview
0x00007ff71e208fb1 (Unity) WriteAssetPreviewToFile
0x00007ff71e209756 (Unity) WritePreviews
0x00007ff71e2019b5 (Unity) PreviewImporter::GenerateAssetData
0x00007ff71e24792e (Unity) ImportToObjects
0x00007ff71e246893 (Unity) ImportAsset
0x00007ff71e2692b2 (Unity) AssetImportWorker::Import
0x00007ff71e2cef34 (Unity) <lambda_9d91f4223b4733a7f58dbd02f611399e>::operator()
0x00007ff71e310162 (Unity) asio::detail::completion_handler<core::mutable_function<void __cdecl(void)>,asio::io_context::basic_executor_type<std::allocator<void>,0> >::do_complete
0x00007ff71e2fc04e (Unity) asio::detail::win_iocp_io_context::do_one
0x00007ff71e2fdcb4 (Unity) asio::detail::win_iocp_io_context::run
0x00007ff71e30e54e (Unity) IOService::Run
0x00007ff71e2e113f (Unity) AssetImportWorkerClient::Run
0x00007ff71e2ab593 (Unity) RunAssetImportWorkerClientV2
0x00007ff71e2ab61b (Unity) RunAssetImporterV2
0x00007ff71dad10d8 (Unity) Application::InitializeProject
0x00007ff71df2f828 (Unity) WinMain
0x00007ff71f2b421e (Unity) __scrt_common_main_seh
0x00007ffa21ba7034 (KERNEL32) BaseThreadInitThunk
0x00007ffa22ec26a1 (ntdll) RtlUserThreadStart

The Animator Controller (Stage01Boss_0) you have used is not valid. Animations will not play
0x00007ff71cfaffed (Unity) StackWalker::GetCurrentCallstack
0x00007ff71cfb6cc9 (Unity) StackWalker::ShowCallstack
0x00007ff71df250e3 (Unity) GetStacktrace
0x00007ff71e5bbbcd (Unity) DebugStringToFile
0x00007ff71d2e3d6e (Unity) AnimatorControllerPlayable::GenerateGraph
0x00007ff71d2e9cf5 (Unity) AnimatorControllerPlayable::SetAnimatorController
0x00007ff71d2873ce (Unity) Animator::CreateInternalControllerPlayable
0x00007ff71d283fb8 (Unity) Animator::AddToManager
0x00007ff71d2845c4 (Unity) Animator::AwakeFromLoad
0x00007ff71cf89de7 (Unity) AwakeFromLoadQueue::InvokeAwakeFromLoad
0x00007ff71cf84de3 (Unity) AwakeFromLoadQueue::AwakeFromLoadAllQueues
0x00007ff71c86744a (Unity) GameObject::ActivateAwakeRecursively
0x00007ff71c8673b6 (Unity) GameObject::Activate
0x00007ff71cbfa6d8 (Unity) UnityScene::OnGameObjectChangedScene
0x00007ff71ccedb5a (Unity) Transform::SetHideFlags
0x00007ff71c86e638 (Unity) GameObject::SetHideFlags
0x00007ff71c181ab3 (Unity) Object_Set_Custom_PropHideFlags
0x00000277b9570404 (Mono JIT Code) (wrapper managed-to-native) UnityEngine.Object:set_hideFlags (UnityEngine.Object,UnityEngine.HideFlags)
0x00000277fcf32f6b (Mono JIT Code) UnityEditor.EditorUtility:InitInstantiatedPreviewRecursive (UnityEngine.GameObject)
0x00000277fcf3042b (Mono JIT Code) UnityEditor.EditorUtility:InstantiateForAnimatorPreview (UnityEngine.Object)
0x00000277fcf2f1ab (Mono JIT Code) UnityEditor.GameObjectInspector/PreviewData:UpdateGameObject (UnityEngine.Object)
0x00000277fcf26163 (Mono JIT Code) UnityEditor.GameObjectInspector/PreviewData:.ctor (UnityEngine.Object)
0x00000277fcf25083 (Mono JIT Code) UnityEditor.GameObjectInspector:GetPreviewData ()
0x00000277fcf246fb (Mono JIT Code) UnityEditor.GameObjectInspector:RenderStaticPreview (string,UnityEngine.Object[],int,int)
0x00000277ba66c8b8 (Mono JIT Code) UnityEditor.AssetPreviewUpdater:CreatePreview (UnityEngine.Object,UnityEngine.Object[],string,int,int)
0x00000277ba66be6b (Mono JIT Code) UnityEditor.AssetPreviewUpdater:CreatePreviewForAsset (UnityEngine.Object,UnityEngine.Object[],string)
0x00000277ba66c0d0 (Mono JIT Code) (wrapper runtime-invoke) <Module>:runtime_invoke_object_object_object_object (object,intptr,intptr,intptr)
0x00007ff98d0efe24 (mono-2.0-bdwgc) [mini-runtime.c:3445] mono_jit_runtime_invoke 
0x00007ff98d02e764 (mono-2.0-bdwgc) [object.c:3066] do_runtime_invoke 
0x00007ff98d02e8fc (mono-2.0-bdwgc) [object.c:3113] mono_runtime_invoke 
0x00007ff71ced4db4 (Unity) scripting_method_invoke
0x00007ff71ceb4654 (Unity) ScriptingInvocation::Invoke
0x00007ff71e20a58c (Unity) MonoCreateAssetPreview
0x00007ff71e208fb1 (Unity) WriteAssetPreviewToFile
0x00007ff71e209756 (Unity) WritePreviews
0x00007ff71e2019b5 (Unity) PreviewImporter::GenerateAssetData
0x00007ff71e24792e (Unity) ImportToObjects
0x00007ff71e246893 (Unity) ImportAsset
0x00007ff71e2692b2 (Unity) AssetImportWorker::Import
0x00007ff71e2cef34 (Unity) <lambda_9d91f4223b4733a7f58dbd02f611399e>::operator()
0x00007ff71e310162 (Unity) asio::detail::completion_handler<core::mutable_function<void __cdecl(void)>,asio::io_context::basic_executor_type<std::allocator<void>,0> >::do_complete
0x00007ff71e2fc04e (Unity) asio::detail::win_iocp_io_context::do_one
0x00007ff71e2fdcb4 (Unity) asio::detail::win_iocp_io_context::run
0x00007ff71e30e54e (Unity) IOService::Run
0x00007ff71e2e113f (Unity) AssetImportWorkerClient::Run
0x00007ff71e2ab593 (Unity) RunAssetImportWorkerClientV2
0x00007ff71e2ab61b (Unity) RunAssetImporterV2
0x00007ff71dad10d8 (Unity) Application::InitializeProject
0x00007ff71df2f828 (Unity) WinMain
0x00007ff71f2b421e (Unity) __scrt_common_main_seh
0x00007ffa21ba7034 (KERNEL32) BaseThreadInitThunk
0x00007ffa22ec26a1 (ntdll) RtlUserThreadStart

 -> (artifact id: 'b0094c18069f78de5173de8f2f640a5d') in 0.021975 seconds 
========================================================================
Received Prepare
Registering precompiled user dll's ...
Registered in 0.010587 seconds.
Begin MonoManager ReloadAssembly
Symbol file LoadedFromMemory doesn't match image C:\myProject\projectShooting\ShootingGame\Library\PackageCache\com.unity.visualscripting@1.7.8\Editor\VisualScripting.Core\Dependencies\YamlDotNet\Unity.VisualScripting.YamlDotNet.dll
Symbol file LoadedFromMemory doesn't match image C:\myProject\projectShooting\ShootingGame\Library\PackageCache\com.unity.visualscripting@1.7.8\Editor\VisualScripting.Core\Dependencies\DotNetZip\Unity.VisualScripting.IonicZip.dll
Native extension for WindowsStandalone target not found
Native extension for Android target not found
Refreshing native plugins compatible for Editor in 1.42 ms, found 4 plugins.
Preloading 0 native plugins for Editor in 0.00 ms.
Mono: successfully reloaded assembly
- Completed reload, in  1.353 seconds
Domain Reload Profiling:
	ReloadAssembly (1354ms)
		BeginReloadAssembly (160ms)
			ExecutionOrderSort (0ms)
			DisableScriptedObjects (7ms)
			BackupInstance (0ms)
			ReleaseScriptingObjects (0ms)
			CreateAndSetChildDomain (49ms)
		EndReloadAssembly (1075ms)
			LoadAssemblies (117ms)
			RebuildTransferFunctionScriptingTraits (0ms)
			SetupTypeCache (324ms)
			ReleaseScriptCaches (2ms)
			RebuildScriptCaches (67ms)
			SetupLoadedEditorAssemblies (495ms)
				LogAssemblyErrors (0ms)
				InitializePlatformSupportModulesInManaged (28ms)
				SetLoadedEditorAssemblies (1ms)
				RefreshPlugins (2ms)
				BeforeProcessingInitializeOnLoad (123ms)
				ProcessInitializeOnLoadAttributes (273ms)
				ProcessInitializeOnLoadMethodAttributes (57ms)
				AfterProcessingInitializeOnLoad (11ms)
				EditorAssembliesLoaded (0ms)
			ExecutionOrderSort2 (0ms)
			AwakeInstancesAfterBackupRestoration (10ms)
Platform modules already initialized, skipping
Refreshing native plugins compatible for Editor in 6.05 ms, found 4 plugins.
Preloading 0 native plugins for Editor in 0.00 ms.
Unloading 4359 Unused Serialized files (Serialized files now loaded: 0)
Unloading 41 unused Assets / (24.6 KB). Loaded Objects now: 4837.
Memory consumption went from 169.6 MB to 169.6 MB.
Total: 3.856200 ms (FindLiveObjects: 0.381300 ms CreateObjectMapping: 0.113200 ms MarkObjects: 3.317100 ms  DeleteObjects: 0.043100 ms)

AssetImportParameters requested are different than current active one (requested -> active):
  custom:video-decoder-ogg-theora: a1e56fd34408186e4bbccfd4996cb3dc -> 
  custom:container-muxer-webm: aa71ff27fc2769a1b78a27578f13a17b -> 
  custom:container-demuxer-webm: 4f35f7cbe854078d1ac9338744f61a02 -> 
  custom:video-encoder-webm-vp8: eb34c28f22e8b96e1ab97ce403110664 -> 
  custom:audio-encoder-webm-vorbis: bf7c407c2cedff20999df2af8eb42d56 -> 
  custom:framework-win-MediaFoundation: 216162199b28c13a410421893ffa2e32 -> 
  custom:container-demuxer-ogg: 62fdf1f143b41e24485cea50d1cbac27 -> 
  custom:video-decoder-webm-vp8: 9c59270c3fd7afecdb556c50c9e8de78 -> 
  custom:audio-decoder-ogg-vorbis: bf7c407c2cedff20999df2af8eb42d56 -> 
========================================================================
Received Prepare
Registering precompiled user dll's ...
Registered in 0.009757 seconds.
Begin MonoManager ReloadAssembly
Symbol file LoadedFromMemory doesn't match image C:\myProject\projectShooting\ShootingGame\Library\PackageCache\com.unity.visualscripting@1.7.8\Editor\VisualScripting.Core\Dependencies\YamlDotNet\Unity.VisualScripting.YamlDotNet.dll
Symbol file LoadedFromMemory doesn't match image C:\myProject\projectShooting\ShootingGame\Library\PackageCache\com.unity.visualscripting@1.7.8\Editor\VisualScripting.Core\Dependencies\DotNetZip\Unity.VisualScripting.IonicZip.dll
Native extension for WindowsStandalone target not found
Native extension for Android target not found
Refreshing native plugins compatible for Editor in 1.60 ms, found 4 plugins.
Preloading 0 native plugins for Editor in 0.00 ms.
Mono: successfully reloaded assembly
- Completed reload, in  1.432 seconds
Domain Reload Profiling:
	ReloadAssembly (1433ms)
		BeginReloadAssembly (166ms)
			ExecutionOrderSort (0ms)
			DisableScriptedObjects (7ms)
			BackupInstance (0ms)
			ReleaseScriptingObjects (0ms)
			CreateAndSetChildDomain (45ms)
		EndReloadAssembly (1134ms)
			LoadAssemblies (120ms)
			RebuildTransferFunctionScriptingTraits (0ms)
			SetupTypeCache (335ms)
			ReleaseScriptCaches (2ms)
			RebuildScriptCaches (73ms)
			SetupLoadedEditorAssemblies (524ms)
				LogAssemblyErrors (0ms)
				InitializePlatformSupportModulesInManaged (36ms)
				SetLoadedEditorAssemblies (1ms)
				RefreshPlugins (2ms)
				BeforeProcessingInitializeOnLoad (138ms)
				ProcessInitializeOnLoadAttributes (281ms)
				ProcessInitializeOnLoadMethodAttributes (52ms)
				AfterProcessingInitializeOnLoad (14ms)
				EditorAssembliesLoaded (0ms)
			ExecutionOrderSort2 (0ms)
			AwakeInstancesAfterBackupRestoration (13ms)
Platform modules already initialized, skipping
Refreshing native plugins compatible for Editor in 5.87 ms, found 4 plugins.
Preloading 0 native plugins for Editor in 0.00 ms.
Unloading 4359 Unused Serialized files (Serialized files now loaded: 0)
Unloading 41 unused Assets / (24.6 KB). Loaded Objects now: 4840.
Memory consumption went from 169.6 MB to 169.6 MB.
Total: 4.092400 ms (FindLiveObjects: 0.395500 ms CreateObjectMapping: 0.146500 ms MarkObjects: 3.509100 ms  DeleteObjects: 0.039700 ms)

AssetImportParameters requested are different than current active one (requested -> active):
  custom:video-decoder-ogg-theora: a1e56fd34408186e4bbccfd4996cb3dc -> 
  custom:container-muxer-webm: aa71ff27fc2769a1b78a27578f13a17b -> 
  custom:container-demuxer-webm: 4f35f7cbe854078d1ac9338744f61a02 -> 
  custom:video-encoder-webm-vp8: eb34c28f22e8b96e1ab97ce403110664 -> 
  custom:audio-encoder-webm-vorbis: bf7c407c2cedff20999df2af8eb42d56 -> 
  custom:framework-win-MediaFoundation: 216162199b28c13a410421893ffa2e32 -> 
  custom:container-demuxer-ogg: 62fdf1f143b41e24485cea50d1cbac27 -> 
  custom:video-decoder-webm-vp8: 9c59270c3fd7afecdb556c50c9e8de78 -> 
  custom:audio-decoder-ogg-vorbis: bf7c407c2cedff20999df2af8eb42d56 -> 
========================================================================
Received Prepare
Registering precompiled user dll's ...
Registered in 0.009099 seconds.
Begin MonoManager ReloadAssembly
Symbol file LoadedFromMemory doesn't match image C:\myProject\projectShooting\ShootingGame\Library\PackageCache\com.unity.visualscripting@1.7.8\Editor\VisualScripting.Core\Dependencies\YamlDotNet\Unity.VisualScripting.YamlDotNet.dll
Symbol file LoadedFromMemory doesn't match image C:\myProject\projectShooting\ShootingGame\Library\PackageCache\com.unity.visualscripting@1.7.8\Editor\VisualScripting.Core\Dependencies\DotNetZip\Unity.VisualScripting.IonicZip.dll
Native extension for WindowsStandalone target not found
Native extension for Android target not found
Refreshing native plugins compatible for Editor in 1.35 ms, found 4 plugins.
Preloading 0 native plugins for Editor in 0.00 ms.
Mono: successfully reloaded assembly
- Completed reload, in  1.336 seconds
Domain Reload Profiling:
	ReloadAssembly (1337ms)
		BeginReloadAssembly (154ms)
			ExecutionOrderSort (0ms)
			DisableScriptedObjects (7ms)
			BackupInstance (0ms)
			ReleaseScriptingObjects (0ms)
			CreateAndSetChildDomain (45ms)
		EndReloadAssembly (1071ms)
			LoadAssemblies (117ms)
			RebuildTransferFunctionScriptingTraits (0ms)
			SetupTypeCache (297ms)
			ReleaseScriptCaches (2ms)
			RebuildScriptCaches (69ms)
			SetupLoadedEditorAssemblies (512ms)
				LogAssemblyErrors (0ms)
				InitializePlatformSupportModulesInManaged (34ms)
				SetLoadedEditorAssemblies (1ms)
				RefreshPlugins (1ms)
				BeforeProcessingInitializeOnLoad (128ms)
				ProcessInitializeOnLoadAttributes (274ms)
				ProcessInitializeOnLoadMethodAttributes (61ms)
				AfterProcessingInitializeOnLoad (12ms)
				EditorAssembliesLoaded (0ms)
			ExecutionOrderSort2 (0ms)
			AwakeInstancesAfterBackupRestoration (12ms)
Platform modules already initialized, skipping
Refreshing native plugins compatible for Editor in 5.46 ms, found 4 plugins.
Preloading 0 native plugins for Editor in 0.00 ms.
Unloading 4359 Unused Serialized files (Serialized files now loaded: 0)
Unloading 41 unused Assets / (24.6 KB). Loaded Objects now: 4843.
Memory consumption went from 169.6 MB to 169.6 MB.
Total: 4.466900 ms (FindLiveObjects: 0.575100 ms CreateObjectMapping: 0.386700 ms MarkObjects: 3.446100 ms  DeleteObjects: 0.057500 ms)

AssetImportParameters requested are different than current active one (requested -> active):
  custom:video-decoder-ogg-theora: a1e56fd34408186e4bbccfd4996cb3dc -> 
  custom:container-muxer-webm: aa71ff27fc2769a1b78a27578f13a17b -> 
  custom:container-demuxer-webm: 4f35f7cbe854078d1ac9338744f61a02 -> 
  custom:video-encoder-webm-vp8: eb34c28f22e8b96e1ab97ce403110664 -> 
  custom:audio-encoder-webm-vorbis: bf7c407c2cedff20999df2af8eb42d56 -> 
  custom:framework-win-MediaFoundation: 216162199b28c13a410421893ffa2e32 -> 
  custom:container-demuxer-ogg: 62fdf1f143b41e24485cea50d1cbac27 -> 
  custom:video-decoder-webm-vp8: 9c59270c3fd7afecdb556c50c9e8de78 -> 
  custom:audio-decoder-ogg-vorbis: bf7c407c2cedff20999df2af8eb42d56 -> 
========================================================================
Received Import Request.
  Time since last request: 538.392256 seconds.
  path: Assets/Prefab/Enemy01.prefab
  artifactKey: Guid(78706c25360cd0c478291b9b08ef3498) Importer(815301076,1909f56bfc062723c751e8b465ee728b)
Start importing Assets/Prefab/Enemy01.prefab using Guid(78706c25360cd0c478291b9b08ef3498) Importer(815301076,1909f56bfc062723c751e8b465ee728b)  -> (artifact id: '6bd14b3d5682daf95d23cc35a7f9a77e') in 0.081862 seconds 
========================================================================
Received Import Request.
  Time since last request: 0.000026 seconds.
  path: Assets/Prefab/Projectile06.prefab
  artifactKey: Guid(6cd9a405843b3524c8e32c8c1b1f8e02) Importer(815301076,1909f56bfc062723c751e8b465ee728b)
Start importing Assets/Prefab/Projectile06.prefab using Guid(6cd9a405843b3524c8e32c8c1b1f8e02) Importer(815301076,1909f56bfc062723c751e8b465ee728b)  -> (artifact id: 'ce8ed8b267431d94e348255343992c8b') in 0.018562 seconds 
========================================================================
Received Import Request.
  Time since last request: 0.000032 seconds.
  path: Assets/Prefab/Projectile03.prefab
  artifactKey: Guid(350b7a5742f968544b6dd204ce6f7499) Importer(815301076,1909f56bfc062723c751e8b465ee728b)
Start importing Assets/Prefab/Projectile03.prefab using Guid(350b7a5742f968544b6dd204ce6f7499) Importer(815301076,1909f56bfc062723c751e8b465ee728b)  -> (artifact id: '787977a9ccc0b1c8293819a8d379f1fa') in 0.018846 seconds 
========================================================================
Received Import Request.
  Time since last request: 17.803801 seconds.
  path: Assets/Prefab/Projectile02.prefab
  artifactKey: Guid(9f77777e1239c1841882530ce827da4d) Importer(815301076,1909f56bfc062723c751e8b465ee728b)
Start importing Assets/Prefab/Projectile02.prefab using Guid(9f77777e1239c1841882530ce827da4d) Importer(815301076,1909f56bfc062723c751e8b465ee728b)  -> (artifact id: '3067981bd7e34b042393b0ee399cc538') in 0.010868 seconds 
========================================================================
Received Import Request.
  Time since last request: 0.056931 seconds.
  path: Assets/Prefab/Projectile03.prefab
  artifactKey: Guid(350b7a5742f968544b6dd204ce6f7499) Importer(815301076,1909f56bfc062723c751e8b465ee728b)
Start importing Assets/Prefab/Projectile03.prefab using Guid(350b7a5742f968544b6dd204ce6f7499) Importer(815301076,1909f56bfc062723c751e8b465ee728b)  -> (artifact id: '1d5c4279e4eae87e6daefe303a5c5f4c') in 0.014758 seconds 
========================================================================
Received Import Request.
  Time since last request: 0.000036 seconds.
  path: Assets/Prefab/Projectile06.prefab
  artifactKey: Guid(6cd9a405843b3524c8e32c8c1b1f8e02) Importer(815301076,1909f56bfc062723c751e8b465ee728b)
Start importing Assets/Prefab/Projectile06.prefab using Guid(6cd9a405843b3524c8e32c8c1b1f8e02) Importer(815301076,1909f56bfc062723c751e8b465ee728b)  -> (artifact id: '1117e23257b4395ca46bf096d097bc0e') in 0.012224 seconds 
========================================================================
Received Import Request.
  Time since last request: 118.605268 seconds.
  path: Assets/Prefab/Projectile02.prefab
  artifactKey: Guid(9f77777e1239c1841882530ce827da4d) Importer(815301076,1909f56bfc062723c751e8b465ee728b)
Start importing Assets/Prefab/Projectile02.prefab using Guid(9f77777e1239c1841882530ce827da4d) Importer(815301076,1909f56bfc062723c751e8b465ee728b)  -> (artifact id: 'bcba3bf887020796a167010866074167') in 0.010710 seconds 
========================================================================
Received Prepare
Registering precompiled user dll's ...
Registered in 0.010784 seconds.
Begin MonoManager ReloadAssembly
Symbol file LoadedFromMemory doesn't match image C:\myProject\projectShooting\ShootingGame\Library\PackageCache\com.unity.visualscripting@1.7.8\Editor\VisualScripting.Core\Dependencies\YamlDotNet\Unity.VisualScripting.YamlDotNet.dll
Symbol file LoadedFromMemory doesn't match image C:\myProject\projectShooting\ShootingGame\Library\PackageCache\com.unity.visualscripting@1.7.8\Editor\VisualScripting.Core\Dependencies\DotNetZip\Unity.VisualScripting.IonicZip.dll
Native extension for WindowsStandalone target not found
Native extension for Android target not found
Refreshing native plugins compatible for Editor in 0.95 ms, found 4 plugins.
Preloading 0 native plugins for Editor in 0.00 ms.
Mono: successfully reloaded assembly
- Completed reload, in  1.222 seconds
Domain Reload Profiling:
	ReloadAssembly (1222ms)
		BeginReloadAssembly (140ms)
			ExecutionOrderSort (0ms)
			DisableScriptedObjects (6ms)
			BackupInstance (0ms)
			ReleaseScriptingObjects (0ms)
			CreateAndSetChildDomain (42ms)
		EndReloadAssembly (967ms)
			LoadAssemblies (97ms)
			RebuildTransferFunctionScriptingTraits (0ms)
			SetupTypeCache (277ms)
			ReleaseScriptCaches (2ms)
			RebuildScriptCaches (60ms)
			SetupLoadedEditorAssemblies (465ms)
				LogAssemblyErrors (0ms)
				InitializePlatformSupportModulesInManaged (30ms)
				SetLoadedEditorAssemblies (1ms)
				RefreshPlugins (1ms)
				BeforeProcessingInitializeOnLoad (118ms)
				ProcessInitializeOnLoadAttributes (255ms)
				ProcessInitializeOnLoadMethodAttributes (51ms)
				AfterProcessingInitializeOnLoad (10ms)
				EditorAssembliesLoaded (0ms)
			ExecutionOrderSort2 (0ms)
			AwakeInstancesAfterBackupRestoration (11ms)
Platform modules already initialized, skipping
Refreshing native plugins compatible for Editor in 5.54 ms, found 4 plugins.
Preloading 0 native plugins for Editor in 0.00 ms.
Unloading 4359 Unused Serialized files (Serialized files now loaded: 0)
Unloading 41 unused Assets / (24.8 KB). Loaded Objects now: 4846.
Memory consumption went from 169.7 MB to 169.6 MB.
Total: 4.953000 ms (FindLiveObjects: 0.494000 ms CreateObjectMapping: 0.301100 ms MarkObjects: 4.101300 ms  DeleteObjects: 0.055500 ms)

AssetImportParameters requested are different than current active one (requested -> active):
  custom:video-decoder-ogg-theora: a1e56fd34408186e4bbccfd4996cb3dc -> 
  custom:container-muxer-webm: aa71ff27fc2769a1b78a27578f13a17b -> 
  custom:container-demuxer-webm: 4f35f7cbe854078d1ac9338744f61a02 -> 
  custom:video-encoder-webm-vp8: eb34c28f22e8b96e1ab97ce403110664 -> 
  custom:audio-encoder-webm-vorbis: bf7c407c2cedff20999df2af8eb42d56 -> 
  custom:framework-win-MediaFoundation: 216162199b28c13a410421893ffa2e32 -> 
  custom:container-demuxer-ogg: 62fdf1f143b41e24485cea50d1cbac27 -> 
  custom:video-decoder-webm-vp8: 9c59270c3fd7afecdb556c50c9e8de78 -> 
  custom:audio-decoder-ogg-vorbis: bf7c407c2cedff20999df2af8eb42d56 -> 
========================================================================
Received Prepare
Registering precompiled user dll's ...
Registered in 0.008815 seconds.
Begin MonoManager ReloadAssembly
Symbol file LoadedFromMemory doesn't match image C:\myProject\projectShooting\ShootingGame\Library\PackageCache\com.unity.visualscripting@1.7.8\Editor\VisualScripting.Core\Dependencies\YamlDotNet\Unity.VisualScripting.YamlDotNet.dll
Symbol file LoadedFromMemory doesn't match image C:\myProject\projectShooting\ShootingGame\Library\PackageCache\com.unity.visualscripting@1.7.8\Editor\VisualScripting.Core\Dependencies\DotNetZip\Unity.VisualScripting.IonicZip.dll
Native extension for WindowsStandalone target not found
Native extension for Android target not found
Refreshing native plugins compatible for Editor in 1.01 ms, found 4 plugins.
Preloading 0 native plugins for Editor in 0.00 ms.
Mono: successfully reloaded assembly
- Completed reload, in  1.252 seconds
Domain Reload Profiling:
	ReloadAssembly (1253ms)
		BeginReloadAssembly (147ms)
			ExecutionOrderSort (0ms)
			DisableScriptedObjects (8ms)
			BackupInstance (0ms)
			ReleaseScriptingObjects (0ms)
			CreateAndSetChildDomain (43ms)
		EndReloadAssembly (992ms)
			LoadAssemblies (102ms)
			RebuildTransferFunctionScriptingTraits (0ms)
			SetupTypeCache (269ms)
			ReleaseScriptCaches (2ms)
			RebuildScriptCaches (60ms)
			SetupLoadedEditorAssemblies (486ms)
				LogAssemblyErrors (0ms)
				InitializePlatformSupportModulesInManaged (28ms)
				SetLoadedEditorAssemblies (0ms)
				RefreshPlugins (1ms)
				BeforeProcessingInitializeOnLoad (127ms)
				ProcessInitializeOnLoadAttributes (262ms)
				ProcessInitializeOnLoadMethodAttributes (53ms)
				AfterProcessingInitializeOnLoad (14ms)
				EditorAssembliesLoaded (0ms)
			ExecutionOrderSort2 (0ms)
			AwakeInstancesAfterBackupRestoration (15ms)
Platform modules already initialized, skipping
Refreshing native plugins compatible for Editor in 5.53 ms, found 4 plugins.
Preloading 0 native plugins for Editor in 0.00 ms.
Unloading 4359 Unused Serialized files (Serialized files now loaded: 0)
Unloading 41 unused Assets / (24.7 KB). Loaded Objects now: 4849.
Memory consumption went from 169.7 MB to 169.6 MB.
Total: 4.749400 ms (FindLiveObjects: 0.473000 ms CreateObjectMapping: 0.217800 ms MarkObjects: 4.012200 ms  DeleteObjects: 0.045300 ms)

AssetImportParameters requested are different than current active one (requested -> active):
  custom:video-decoder-ogg-theora: a1e56fd34408186e4bbccfd4996cb3dc -> 
  custom:container-muxer-webm: aa71ff27fc2769a1b78a27578f13a17b -> 
  custom:container-demuxer-webm: 4f35f7cbe854078d1ac9338744f61a02 -> 
  custom:video-encoder-webm-vp8: eb34c28f22e8b96e1ab97ce403110664 -> 
  custom:audio-encoder-webm-vorbis: bf7c407c2cedff20999df2af8eb42d56 -> 
  custom:framework-win-MediaFoundation: 216162199b28c13a410421893ffa2e32 -> 
  custom:container-demuxer-ogg: 62fdf1f143b41e24485cea50d1cbac27 -> 
  custom:video-decoder-webm-vp8: 9c59270c3fd7afecdb556c50c9e8de78 -> 
  custom:audio-decoder-ogg-vorbis: bf7c407c2cedff20999df2af8eb42d56 -> 
========================================================================
Received Prepare
Registering precompiled user dll's ...
Registered in 0.008441 seconds.
Begin MonoManager ReloadAssembly
Symbol file LoadedFromMemory doesn't match image C:\myProject\projectShooting\ShootingGame\Library\PackageCache\com.unity.visualscripting@1.7.8\Editor\VisualScripting.Core\Dependencies\YamlDotNet\Unity.VisualScripting.YamlDotNet.dll
Symbol file LoadedFromMemory doesn't match image C:\myProject\projectShooting\ShootingGame\Library\PackageCache\com.unity.visualscripting@1.7.8\Editor\VisualScripting.Core\Dependencies\DotNetZip\Unity.VisualScripting.IonicZip.dll
Native extension for WindowsStandalone target not found
Native extension for Android target not found
Refreshing native plugins compatible for Editor in 0.92 ms, found 4 plugins.
Preloading 0 native plugins for Editor in 0.00 ms.
Mono: successfully reloaded assembly
- Completed reload, in  1.164 seconds
Domain Reload Profiling:
	ReloadAssembly (1165ms)
		BeginReloadAssembly (151ms)
			ExecutionOrderSort (0ms)
			DisableScriptedObjects (9ms)
			BackupInstance (0ms)
			ReleaseScriptingObjects (0ms)
			CreateAndSetChildDomain (39ms)
		EndReloadAssembly (905ms)
			LoadAssemblies (108ms)
			RebuildTransferFunctionScriptingTraits (0ms)
			SetupTypeCache (244ms)
			ReleaseScriptCaches (1ms)
			RebuildScriptCaches (54ms)
			SetupLoadedEditorAssemblies (443ms)
				LogAssemblyErrors (0ms)
				InitializePlatformSupportModulesInManaged (31ms)
				SetLoadedEditorAssemblies (1ms)
				RefreshPlugins (1ms)
				BeforeProcessingInitializeOnLoad (117ms)
				ProcessInitializeOnLoadAttributes (240ms)
				ProcessInitializeOnLoadMethodAttributes (42ms)
				AfterProcessingInitializeOnLoad (11ms)
				EditorAssembliesLoaded (0ms)
			ExecutionOrderSort2 (0ms)
			AwakeInstancesAfterBackupRestoration (9ms)
Platform modules already initialized, skipping
Refreshing native plugins compatible for Editor in 4.96 ms, found 4 plugins.
Preloading 0 native plugins for Editor in 0.00 ms.
Unloading 4359 Unused Serialized files (Serialized files now loaded: 0)
Unloading 41 unused Assets / (24.6 KB). Loaded Objects now: 4852.
Memory consumption went from 169.7 MB to 169.6 MB.
Total: 3.543200 ms (FindLiveObjects: 0.349600 ms CreateObjectMapping: 0.108900 ms MarkObjects: 3.048700 ms  DeleteObjects: 0.034700 ms)

AssetImportParameters requested are different than current active one (requested -> active):
  custom:video-decoder-ogg-theora: a1e56fd34408186e4bbccfd4996cb3dc -> 
  custom:container-muxer-webm: aa71ff27fc2769a1b78a27578f13a17b -> 
  custom:container-demuxer-webm: 4f35f7cbe854078d1ac9338744f61a02 -> 
  custom:video-encoder-webm-vp8: eb34c28f22e8b96e1ab97ce403110664 -> 
  custom:audio-encoder-webm-vorbis: bf7c407c2cedff20999df2af8eb42d56 -> 
  custom:framework-win-MediaFoundation: 216162199b28c13a410421893ffa2e32 -> 
  custom:container-demuxer-ogg: 62fdf1f143b41e24485cea50d1cbac27 -> 
  custom:video-decoder-webm-vp8: 9c59270c3fd7afecdb556c50c9e8de78 -> 
  custom:audio-decoder-ogg-vorbis: bf7c407c2cedff20999df2af8eb42d56 -> 
========================================================================
Received Prepare
Registering precompiled user dll's ...
Registered in 0.008492 seconds.
Begin MonoManager ReloadAssembly
Symbol file LoadedFromMemory doesn't match image C:\myProject\projectShooting\ShootingGame\Library\PackageCache\com.unity.visualscripting@1.7.8\Editor\VisualScripting.Core\Dependencies\YamlDotNet\Unity.VisualScripting.YamlDotNet.dll
Symbol file LoadedFromMemory doesn't match image C:\myProject\projectShooting\ShootingGame\Library\PackageCache\com.unity.visualscripting@1.7.8\Editor\VisualScripting.Core\Dependencies\DotNetZip\Unity.VisualScripting.IonicZip.dll
Native extension for WindowsStandalone target not found
Native extension for Android target not found
Refreshing native plugins compatible for Editor in 0.93 ms, found 4 plugins.
Preloading 0 native plugins for Editor in 0.00 ms.
Mono: successfully reloaded assembly
- Completed reload, in  1.158 seconds
Domain Reload Profiling:
	ReloadAssembly (1159ms)
		BeginReloadAssembly (154ms)
			ExecutionOrderSort (0ms)
			DisableScriptedObjects (9ms)
			BackupInstance (0ms)
			ReleaseScriptingObjects (0ms)
			CreateAndSetChildDomain (48ms)
		EndReloadAssembly (894ms)
			LoadAssemblies (104ms)
			RebuildTransferFunctionScriptingTraits (0ms)
			SetupTypeCache (241ms)
			ReleaseScriptCaches (2ms)
			RebuildScriptCaches (55ms)
			SetupLoadedEditorAssemblies (436ms)
				LogAssemblyErrors (0ms)
				InitializePlatformSupportModulesInManaged (24ms)
				SetLoadedEditorAssemblies (0ms)
				RefreshPlugins (1ms)
				BeforeProcessingInitializeOnLoad (127ms)
				ProcessInitializeOnLoadAttributes (226ms)
				ProcessInitializeOnLoadMethodAttributes (47ms)
				AfterProcessingInitializeOnLoad (10ms)
				EditorAssembliesLoaded (0ms)
			ExecutionOrderSort2 (0ms)
			AwakeInstancesAfterBackupRestoration (9ms)
Platform modules already initialized, skipping
Refreshing native plugins compatible for Editor in 5.00 ms, found 4 plugins.
Preloading 0 native plugins for Editor in 0.00 ms.
Unloading 4359 Unused Serialized files (Serialized files now loaded: 0)
Unloading 41 unused Assets / (24.7 KB). Loaded Objects now: 4855.
Memory consumption went from 169.7 MB to 169.7 MB.
Total: 3.810200 ms (FindLiveObjects: 0.331800 ms CreateObjectMapping: 0.109500 ms MarkObjects: 3.325600 ms  DeleteObjects: 0.041700 ms)

AssetImportParameters requested are different than current active one (requested -> active):
  custom:video-decoder-ogg-theora: a1e56fd34408186e4bbccfd4996cb3dc -> 
  custom:container-muxer-webm: aa71ff27fc2769a1b78a27578f13a17b -> 
  custom:container-demuxer-webm: 4f35f7cbe854078d1ac9338744f61a02 -> 
  custom:video-encoder-webm-vp8: eb34c28f22e8b96e1ab97ce403110664 -> 
  custom:audio-encoder-webm-vorbis: bf7c407c2cedff20999df2af8eb42d56 -> 
  custom:framework-win-MediaFoundation: 216162199b28c13a410421893ffa2e32 -> 
  custom:container-demuxer-ogg: 62fdf1f143b41e24485cea50d1cbac27 -> 
  custom:video-decoder-webm-vp8: 9c59270c3fd7afecdb556c50c9e8de78 -> 
  custom:audio-decoder-ogg-vorbis: bf7c407c2cedff20999df2af8eb42d56 -> 
========================================================================
Received Prepare
Registering precompiled user dll's ...
Registered in 0.011081 seconds.
Begin MonoManager ReloadAssembly
Symbol file LoadedFromMemory doesn't match image C:\myProject\projectShooting\ShootingGame\Library\PackageCache\com.unity.visualscripting@1.7.8\Editor\VisualScripting.Core\Dependencies\YamlDotNet\Unity.VisualScripting.YamlDotNet.dll
Symbol file LoadedFromMemory doesn't match image C:\myProject\projectShooting\ShootingGame\Library\PackageCache\com.unity.visualscripting@1.7.8\Editor\VisualScripting.Core\Dependencies\DotNetZip\Unity.VisualScripting.IonicZip.dll
Native extension for WindowsStandalone target not found
Native extension for Android target not found
Refreshing native plugins compatible for Editor in 0.78 ms, found 4 plugins.
Preloading 0 native plugins for Editor in 0.00 ms.
Mono: successfully reloaded assembly
- Completed reload, in  1.285 seconds
Domain Reload Profiling:
	ReloadAssembly (1285ms)
		BeginReloadAssembly (164ms)
			ExecutionOrderSort (0ms)
			DisableScriptedObjects (8ms)
			BackupInstance (0ms)
			ReleaseScriptingObjects (0ms)
			CreateAndSetChildDomain (47ms)
		EndReloadAssembly (976ms)
			LoadAssemblies (129ms)
			RebuildTransferFunctionScriptingTraits (0ms)
			SetupTypeCache (319ms)
			ReleaseScriptCaches (2ms)
			RebuildScriptCaches (54ms)
			SetupLoadedEditorAssemblies (424ms)
				LogAssemblyErrors (0ms)
				InitializePlatformSupportModulesInManaged (29ms)
				SetLoadedEditorAssemblies (0ms)
				RefreshPlugins (1ms)
				BeforeProcessingInitializeOnLoad (113ms)
				ProcessInitializeOnLoadAttributes (231ms)
				ProcessInitializeOnLoadMethodAttributes (39ms)
				AfterProcessingInitializeOnLoad (10ms)
				EditorAssembliesLoaded (0ms)
			ExecutionOrderSort2 (0ms)
			AwakeInstancesAfterBackupRestoration (9ms)
Platform modules already initialized, skipping
Refreshing native plugins compatible for Editor in 5.08 ms, found 4 plugins.
Preloading 0 native plugins for Editor in 0.00 ms.
Unloading 4359 Unused Serialized files (Serialized files now loaded: 0)
Unloading 41 unused Assets / (24.7 KB). Loaded Objects now: 4858.
Memory consumption went from 169.7 MB to 169.7 MB.
Total: 3.802000 ms (FindLiveObjects: 0.347900 ms CreateObjectMapping: 0.113200 ms MarkObjects: 3.302800 ms  DeleteObjects: 0.036400 ms)

AssetImportParameters requested are different than current active one (requested -> active):
  custom:video-decoder-ogg-theora: a1e56fd34408186e4bbccfd4996cb3dc -> 
  custom:container-muxer-webm: aa71ff27fc2769a1b78a27578f13a17b -> 
  custom:container-demuxer-webm: 4f35f7cbe854078d1ac9338744f61a02 -> 
  custom:video-encoder-webm-vp8: eb34c28f22e8b96e1ab97ce403110664 -> 
  custom:audio-encoder-webm-vorbis: bf7c407c2cedff20999df2af8eb42d56 -> 
  custom:framework-win-MediaFoundation: 216162199b28c13a410421893ffa2e32 -> 
  custom:container-demuxer-ogg: 62fdf1f143b41e24485cea50d1cbac27 -> 
  custom:video-decoder-webm-vp8: 9c59270c3fd7afecdb556c50c9e8de78 -> 
  custom:audio-decoder-ogg-vorbis: bf7c407c2cedff20999df2af8eb42d56 -> 
========================================================================
Received Prepare
Registering precompiled user dll's ...
Registered in 0.007937 seconds.
Begin MonoManager ReloadAssembly
Symbol file LoadedFromMemory doesn't match image C:\myProject\projectShooting\ShootingGame\Library\PackageCache\com.unity.visualscripting@1.7.8\Editor\VisualScripting.Core\Dependencies\YamlDotNet\Unity.VisualScripting.YamlDotNet.dll
Symbol file LoadedFromMemory doesn't match image C:\myProject\projectShooting\ShootingGame\Library\PackageCache\com.unity.visualscripting@1.7.8\Editor\VisualScripting.Core\Dependencies\DotNetZip\Unity.VisualScripting.IonicZip.dll
Native extension for WindowsStandalone target not found
Native extension for Android target not found
Refreshing native plugins compatible for Editor in 0.96 ms, found 4 plugins.
Preloading 0 native plugins for Editor in 0.00 ms.
Mono: successfully reloaded assembly
- Completed reload, in  1.153 seconds
Domain Reload Profiling:
	ReloadAssembly (1154ms)
		BeginReloadAssembly (146ms)
			ExecutionOrderSort (0ms)
			DisableScriptedObjects (8ms)
			BackupInstance (0ms)
			ReleaseScriptingObjects (0ms)
			CreateAndSetChildDomain (41ms)
		EndReloadAssembly (894ms)
			LoadAssemblies (105ms)
			RebuildTransferFunctionScriptingTraits (0ms)
			SetupTypeCache (242ms)
			ReleaseScriptCaches (1ms)
			RebuildScriptCaches (65ms)
			SetupLoadedEditorAssemblies (428ms)
				LogAssemblyErrors (0ms)
				InitializePlatformSupportModulesInManaged (25ms)
				SetLoadedEditorAssemblies (0ms)
				RefreshPlugins (1ms)
				BeforeProcessingInitializeOnLoad (108ms)
				ProcessInitializeOnLoadAttributes (231ms)
				ProcessInitializeOnLoadMethodAttributes (46ms)
				AfterProcessingInitializeOnLoad (16ms)
				EditorAssembliesLoaded (0ms)
			ExecutionOrderSort2 (0ms)
			AwakeInstancesAfterBackupRestoration (12ms)
Platform modules already initialized, skipping
Refreshing native plugins compatible for Editor in 4.80 ms, found 4 plugins.
Preloading 0 native plugins for Editor in 0.00 ms.
Unloading 4359 Unused Serialized files (Serialized files now loaded: 0)
Unloading 41 unused Assets / (24.7 KB). Loaded Objects now: 4861.
Memory consumption went from 169.7 MB to 169.7 MB.
Total: 3.571600 ms (FindLiveObjects: 0.465200 ms CreateObjectMapping: 0.215600 ms MarkObjects: 2.840100 ms  DeleteObjects: 0.049100 ms)

AssetImportParameters requested are different than current active one (requested -> active):
  custom:video-decoder-ogg-theora: a1e56fd34408186e4bbccfd4996cb3dc -> 
  custom:container-muxer-webm: aa71ff27fc2769a1b78a27578f13a17b -> 
  custom:container-demuxer-webm: 4f35f7cbe854078d1ac9338744f61a02 -> 
  custom:video-encoder-webm-vp8: eb34c28f22e8b96e1ab97ce403110664 -> 
  custom:audio-encoder-webm-vorbis: bf7c407c2cedff20999df2af8eb42d56 -> 
  custom:framework-win-MediaFoundation: 216162199b28c13a410421893ffa2e32 -> 
  custom:container-demuxer-ogg: 62fdf1f143b41e24485cea50d1cbac27 -> 
  custom:video-decoder-webm-vp8: 9c59270c3fd7afecdb556c50c9e8de78 -> 
  custom:audio-decoder-ogg-vorbis: bf7c407c2cedff20999df2af8eb42d56 -> 
========================================================================
Received Prepare
Registering precompiled user dll's ...
Registered in 0.012035 seconds.
Begin MonoManager ReloadAssembly
Symbol file LoadedFromMemory doesn't match image C:\myProject\projectShooting\ShootingGame\Library\PackageCache\com.unity.visualscripting@1.7.8\Editor\VisualScripting.Core\Dependencies\YamlDotNet\Unity.VisualScripting.YamlDotNet.dll
Symbol file LoadedFromMemory doesn't match image C:\myProject\projectShooting\ShootingGame\Library\PackageCache\com.unity.visualscripting@1.7.8\Editor\VisualScripting.Core\Dependencies\DotNetZip\Unity.VisualScripting.IonicZip.dll
Native extension for WindowsStandalone target not found
Native extension for Android target not found
Refreshing native plugins compatible for Editor in 1.39 ms, found 4 plugins.
Preloading 0 native plugins for Editor in 0.00 ms.
Mono: successfully reloaded assembly
- Completed reload, in  1.194 seconds
Domain Reload Profiling:
	ReloadAssembly (1195ms)
		BeginReloadAssembly (167ms)
			ExecutionOrderSort (0ms)
			DisableScriptedObjects (9ms)
			BackupInstance (0ms)
			ReleaseScriptingObjects (0ms)
			CreateAndSetChildDomain (46ms)
		EndReloadAssembly (911ms)
			LoadAssemblies (117ms)
			RebuildTransferFunctionScriptingTraits (0ms)
			SetupTypeCache (251ms)
			ReleaseScriptCaches (2ms)
			RebuildScriptCaches (56ms)
			SetupLoadedEditorAssemblies (436ms)
				LogAssemblyErrors (0ms)
				InitializePlatformSupportModulesInManaged (25ms)
				SetLoadedEditorAssemblies (1ms)
				RefreshPlugins (2ms)
				BeforeProcessingInitializeOnLoad (109ms)
				ProcessInitializeOnLoadAttributes (245ms)
				ProcessInitializeOnLoadMethodAttributes (41ms)
				AfterProcessingInitializeOnLoad (13ms)
				EditorAssembliesLoaded (0ms)
			ExecutionOrderSort2 (0ms)
			AwakeInstancesAfterBackupRestoration (13ms)
Platform modules already initialized, skipping
Refreshing native plugins compatible for Editor in 4.71 ms, found 4 plugins.
Preloading 0 native plugins for Editor in 0.00 ms.
Unloading 4359 Unused Serialized files (Serialized files now loaded: 0)
Unloading 41 unused Assets / (24.7 KB). Loaded Objects now: 4864.
Memory consumption went from 169.7 MB to 169.7 MB.
Total: 3.984400 ms (FindLiveObjects: 0.471400 ms CreateObjectMapping: 0.217600 ms MarkObjects: 3.257300 ms  DeleteObjects: 0.037000 ms)

AssetImportParameters requested are different than current active one (requested -> active):
  custom:video-decoder-ogg-theora: a1e56fd34408186e4bbccfd4996cb3dc -> 
  custom:container-muxer-webm: aa71ff27fc2769a1b78a27578f13a17b -> 
  custom:container-demuxer-webm: 4f35f7cbe854078d1ac9338744f61a02 -> 
  custom:video-encoder-webm-vp8: eb34c28f22e8b96e1ab97ce403110664 -> 
  custom:audio-encoder-webm-vorbis: bf7c407c2cedff20999df2af8eb42d56 -> 
  custom:framework-win-MediaFoundation: 216162199b28c13a410421893ffa2e32 -> 
  custom:container-demuxer-ogg: 62fdf1f143b41e24485cea50d1cbac27 -> 
  custom:video-decoder-webm-vp8: 9c59270c3fd7afecdb556c50c9e8de78 -> 
  custom:audio-decoder-ogg-vorbis: bf7c407c2cedff20999df2af8eb42d56 -> 
========================================================================
Received Prepare
Registering precompiled user dll's ...
Registered in 0.007851 seconds.
Begin MonoManager ReloadAssembly
Symbol file LoadedFromMemory doesn't match image C:\myProject\projectShooting\ShootingGame\Library\PackageCache\com.unity.visualscripting@1.7.8\Editor\VisualScripting.Core\Dependencies\YamlDotNet\Unity.VisualScripting.YamlDotNet.dll
Symbol file LoadedFromMemory doesn't match image C:\myProject\projectShooting\ShootingGame\Library\PackageCache\com.unity.visualscripting@1.7.8\Editor\VisualScripting.Core\Dependencies\DotNetZip\Unity.VisualScripting.IonicZip.dll
Native extension for WindowsStandalone target not found
Native extension for Android target not found
Refreshing native plugins compatible for Editor in 0.94 ms, found 4 plugins.
Preloading 0 native plugins for Editor in 0.00 ms.
Mono: successfully reloaded assembly
- Completed reload, in  1.238 seconds
Domain Reload Profiling:
	ReloadAssembly (1239ms)
		BeginReloadAssembly (151ms)
			ExecutionOrderSort (0ms)
			DisableScriptedObjects (8ms)
			BackupInstance (0ms)
			ReleaseScriptingObjects (0ms)
			CreateAndSetChildDomain (41ms)
		EndReloadAssembly (981ms)
			LoadAssemblies (108ms)
			RebuildTransferFunctionScriptingTraits (0ms)
			SetupTypeCache (268ms)
			ReleaseScriptCaches (2ms)
			RebuildScriptCaches (67ms)
			SetupLoadedEditorAssemblies (470ms)
				LogAssemblyErrors (0ms)
				InitializePlatformSupportModulesInManaged (25ms)
				SetLoadedEditorAssemblies (1ms)
				RefreshPlugins (1ms)
				BeforeProcessingInitializeOnLoad (119ms)
				ProcessInitializeOnLoadAttributes (265ms)
				ProcessInitializeOnLoadMethodAttributes (47ms)
				AfterProcessingInitializeOnLoad (13ms)
				EditorAssembliesLoaded (0ms)
			ExecutionOrderSort2 (0ms)
			AwakeInstancesAfterBackupRestoration (11ms)
Platform modules already initialized, skipping
Refreshing native plugins compatible for Editor in 4.91 ms, found 4 plugins.
Preloading 0 native plugins for Editor in 0.00 ms.
Unloading 4359 Unused Serialized files (Serialized files now loaded: 0)
Unloading 41 unused Assets / (24.6 KB). Loaded Objects now: 4867.
Memory consumption went from 169.7 MB to 169.7 MB.
Total: 3.365700 ms (FindLiveObjects: 0.425600 ms CreateObjectMapping: 0.298600 ms MarkObjects: 2.605700 ms  DeleteObjects: 0.033600 ms)

AssetImportParameters requested are different than current active one (requested -> active):
  custom:video-decoder-ogg-theora: a1e56fd34408186e4bbccfd4996cb3dc -> 
  custom:container-muxer-webm: aa71ff27fc2769a1b78a27578f13a17b -> 
  custom:container-demuxer-webm: 4f35f7cbe854078d1ac9338744f61a02 -> 
  custom:video-encoder-webm-vp8: eb34c28f22e8b96e1ab97ce403110664 -> 
  custom:audio-encoder-webm-vorbis: bf7c407c2cedff20999df2af8eb42d56 -> 
  custom:framework-win-MediaFoundation: 216162199b28c13a410421893ffa2e32 -> 
  custom:container-demuxer-ogg: 62fdf1f143b41e24485cea50d1cbac27 -> 
  custom:video-decoder-webm-vp8: 9c59270c3fd7afecdb556c50c9e8de78 -> 
  custom:audio-decoder-ogg-vorbis: bf7c407c2cedff20999df2af8eb42d56 -> 
